This is pdfTeX, Version 3.14159265-2.6-1.40.21 (MiKTeX 20.11) (preloaded format=pdflatex 2020.12.8)  24 DEC 2020 22:13
entering extended mode
**./main.tex
(main.tex
LaTeX2e <2020-10-01> patch level 2
L3 programming layer <2020-12-03> xparse <2020-03-03>
(MastersDoctoralThesis.cls
Document Class: MastersDoctoralThesis 2017/08/27 v1.6 LaTeXTemplates.com
("C:\Program Files\MiKTeX\tex/latex/etoolbox\etoolbox.sty"
Package: etoolbox 2020/10/05 v2.5k e-TeX tools for LaTeX (JAW)
\etb@tempcnta=\count177
)
("C:\Program Files\MiKTeX\tex/latex/l3packages/xparse\xparse.sty"
("C:\Program Files\MiKTeX\tex/latex/l3kernel\expl3.sty"
Package: expl3 2020-12-03 L3 programming layer (loader) 

("C:\Program Files\MiKTeX\tex/latex/l3backend\l3backend-pdftex.def"
File: l3backend-pdftex.def 2020-09-24 L3 backend support: PDF output (pdfTeX)
\l__kernel_color_stack_int=\count178
\l__pdf_internal_box=\box47
))
Package: xparse 2020-10-27 L3 Experimental document command parser

("C:\Program Files\MiKTeX\tex/latex/l3packages/xparse\xparse-generic.tex"))
("C:\Program Files\MiKTeX\tex/latex/base\book.cls"
Document Class: book 2020/04/10 v1.4m Standard LaTeX document class
("C:\Program Files\MiKTeX\tex/latex/base\bk12.clo"
File: bk12.clo 2020/04/10 v1.4m Standard LaTeX file (size option)
)
\c@part=\count179
\c@chapter=\count180
\c@section=\count181
\c@subsection=\count182
\c@subsubsection=\count183
\c@paragraph=\count184
\c@subparagraph=\count185
\c@figure=\count186
\c@table=\count187
\abovecaptionskip=\skip47
\belowcaptionskip=\skip48
\bibindent=\dimen138
)
("C:\Program Files\MiKTeX\tex/latex/parskip\parskip.sty"
Package: parskip 2020-06-15 v2.0f non-zero parskip adjustments

("C:\Program Files\MiKTeX\tex/latex/kvoptions\kvoptions.sty"
Package: kvoptions 2020-10-07 v3.14 Key value format for package options (HO)

("C:\Program Files\MiKTeX\tex/latex/graphics\keyval.sty"
Package: keyval 2014/10/28 v1.15 key=value parser (DPC)
\KV@toks@=\toks15
)
("C:\Program Files\MiKTeX\tex/generic/ltxcmds\ltxcmds.sty"
Package: ltxcmds 2020-05-10 v1.25 LaTeX kernel commands for general use (HO)
)
("C:\Program Files\MiKTeX\tex/generic/kvsetkeys\kvsetkeys.sty"
Package: kvsetkeys 2019/12/15 v1.18 Key value parser (HO)
)))
("C:\Program Files\MiKTeX\tex/generic/babel\babel.sty"
Package: babel 2020/10/27 3.51 The Babel package

("C:\Program Files\MiKTeX\tex/generic/babel\babel.def"
File: babel.def 2020/10/27 3.51 Babel common definitions
\babel@savecnt=\count188
\U@D=\dimen139
\l@babelnohyphens=\language79

("C:\Program Files\MiKTeX\tex/generic/babel\txtbabel.def")
\bbl@readstream=\read2
)
\bbl@dirlevel=\count189

*************************************
* Local config file bblopts.cfg used
*
("C:\Program Files\MiKTeX\tex/latex/arabi\bblopts.cfg"
File: bblopts.cfg 2005/09/08 v0.1 add Arabic and Farsi to "declared" options of
 babel
)
("C:\Program Files\MiKTeX\tex/latex/babel-english\english.ldf"
Language: english 2017/06/06 v3.3r English support from the babel system
Package babel Info: \l@canadian = using hyphenrules for english
(babel)             (\language0) on input line 102.
Package babel Info: \l@australian = using hyphenrules for ukenglish
(babel)             (\language73) on input line 105.
Package babel Info: \l@newzealand = using hyphenrules for ukenglish
(babel)             (\language73) on input line 108.
))
("C:\Program Files\MiKTeX\tex/latex/koma-script\scrbase.sty"
Package: scrbase 2020/09/21 v3.32 KOMA-Script package (KOMA-Script-independent 
basics and keyval usage)

("C:\Program Files\MiKTeX\tex/latex/koma-script\scrlfile.sty"
Package: scrlfile 2020/09/21 v3.32 KOMA-Script package (file load hooks)

("C:\Program Files\MiKTeX\tex/latex/koma-script\scrlfile-hook.sty"
Package: scrlfile-hook 2020/09/21 v3.32 KOMA-Script package (using LaTeX hooks)


("C:\Program Files\MiKTeX\tex/latex/koma-script\scrlogo.sty"
Package: scrlogo 2020/09/21 v3.32 KOMA-Script package (logo)
))))
("C:\Program Files\MiKTeX\tex/latex/koma-script\scrhack.sty"
Package: scrhack 2020/09/21 v3.32 KOMA-Script package (hacking other packages)

("C:\Program Files\MiKTeX\tex/latex/koma-script\scrkbase.sty"
Package: scrkbase 2020/09/21 v3.32 KOMA-Script package (KOMA-Script-dependent b
asics and keyval usage)
)
("C:\Program Files\MiKTeX\tex/latex/xpatch\xpatch.sty"
Package: xpatch 2020/03/25 v0.3a Extending etoolbox patching commands
))
("C:\Program Files\MiKTeX\tex/latex/setspace\setspace.sty"
Package: setspace 2011/12/19 v6.7a set line spacing
)
Package scrhack Info: loading setspace hack on input line 193.

("C:\Program Files\MiKTeX\tex/latex/koma-script\setspace.hak"
File: setspace.hak 2020/09/21 v3.32 KOMA-Script scrhack part (hacking package s
etspace)
)
("C:\Program Files\MiKTeX\tex/latex/tools\longtable.sty"
Package: longtable 2020/01/07 v4.13 Multi-page Table package (DPC)
\LTleft=\skip49
\LTright=\skip50
\LTpre=\skip51
\LTpost=\skip52
\LTchunksize=\count190
\LTcapwidth=\dimen140
\LT@head=\box48
\LT@firsthead=\box49
\LT@foot=\box50
\LT@lastfoot=\box51
\LT@cols=\count191
\LT@rows=\count192
\c@LT@tables=\count193
\c@LT@chunks=\count194
\LT@p@ftn=\toks16
)
("C:\Program Files\MiKTeX\tex/latex/siunitx\siunitx.sty"
Package: siunitx 2020/02/25 v2.8b A comprehensive (SI) units package

("C:\Program Files\MiKTeX\tex/latex/amsmath\amstext.sty"
Package: amstext 2000/06/29 v2.01 AMS text

("C:\Program Files\MiKTeX\tex/latex/amsmath\amsgen.sty"
File: amsgen.sty 1999/11/30 v2.0 generic functions
\@emptytoks=\toks17
\ex@=\dimen141
))
("C:\Program Files\MiKTeX\tex/latex/tools\array.sty"
Package: array 2019/08/31 v2.4l Tabular extension package (FMi)
\col@sep=\dimen142
\ar@mcellbox=\box52
\extrarowheight=\dimen143
\NC@list=\toks18
\extratabsurround=\skip53
\backup@length=\skip54
\ar@cellbox=\box53
)
("C:\Program Files\MiKTeX\tex/latex/l3packages/l3keys2e\l3keys2e.sty"
Package: l3keys2e 2020-10-27 LaTeX2e option processing using LaTeX3 keys
)
\l__siunitx_tmp_box=\box54
\l__siunitx_tmp_dim=\dimen144
\l__siunitx_tmp_int=\count195
\l__siunitx_number_mantissa_length_int=\count196
\l__siunitx_number_uncert_length_int=\count197
\l__siunitx_round_int=\count198
\l__siunitx_process_decimal_int=\count199
\l__siunitx_process_uncertainty_int=\count266
\l__siunitx_process_fixed_int=\count267
\l__siunitx_process_integer_min_int=\count268
\l__siunitx_process_precision_int=\count269
\l__siunitx_group_min_int=\count270
\l__siunitx_angle_marker_box=\box55
\l__siunitx_angle_unit_box=\box56
\l__siunitx_angle_marker_dim=\dimen145
\l__siunitx_angle_unit_dim=\dimen146
\l__siunitx_unit_int=\count271
\l__siunitx_unit_denominator_int=\count272
\l__siunitx_unit_numerator_int=\count273
\l__siunitx_unit_prefix_int=\count274
\l__siunitx_unit_prefix_base_int=\count275
\l__siunitx_unit_prefix_gram_int=\count276
\l__siunitx_number_product_int=\count277
\c__siunitx_one_fill_skip=\skip55
\l__siunitx_table_unit_align_skip=\skip56
\l__siunitx_table_exponent_dim=\dimen147
\l__siunitx_table_integer_dim=\dimen148
\l__siunitx_table_mantissa_dim=\dimen149
\l__siunitx_table_marker_dim=\dimen150
\l__siunitx_table_result_dim=\dimen151
\l__siunitx_table_uncert_dim=\dimen152
\l__siunitx_table_fill_pre_dim=\dimen153
\l__siunitx_table_fill_post_dim=\dimen154
\l__siunitx_table_fill_mid_dim=\dimen155
\l__siunitx_table_pre_box=\box57
\l__siunitx_table_post_box=\box58
\l__siunitx_table_mantissa_box=\box59
\l__siunitx_table_result_box=\box60
\l__siunitx_table_number_align_skip=\skip57
\l__siunitx_table_text_align_skip=\skip58

("C:\Program Files\MiKTeX\tex/latex/translator\translator.sty"
Package: translator 2020-08-03 v1.12c Easy translation of strings in LaTeX
))
("C:\Program Files\MiKTeX\tex/latex/graphics\graphicx.sty"
Package: graphicx 2020/09/09 v1.2b Enhanced LaTeX Graphics (DPC,SPQR)

("C:\Program Files\MiKTeX\tex/latex/graphics\graphics.sty"
Package: graphics 2020/08/30 v1.4c Standard LaTeX Graphics (DPC,SPQR)

("C:\Program Files\MiKTeX\tex/latex/graphics\trig.sty"
Package: trig 2016/01/03 v1.10 sin cos tan (DPC)
)
("C:\Program Files\MiKTeX\tex/latex/graphics-cfg\graphics.cfg"
File: graphics.cfg 2016/06/04 v1.11 sample graphics configuration
)
Package graphics Info: Driver file: pdftex.def on input line 105.

("C:\Program Files\MiKTeX\tex/latex/graphics-def\pdftex.def"
File: pdftex.def 2020/10/05 v1.2a Graphics/color driver for pdftex
))
\Gin@req@height=\dimen156
\Gin@req@width=\dimen157
)
("C:\Program Files\MiKTeX\tex/latex/booktabs\booktabs.sty"
Package: booktabs 2020/01/12 v1.61803398 Publication quality tables
\heavyrulewidth=\dimen158
\lightrulewidth=\dimen159
\cmidrulewidth=\dimen160
\belowrulesep=\dimen161
\belowbottomsep=\dimen162
\aboverulesep=\dimen163
\abovetopsep=\dimen164
\cmidrulesep=\dimen165
\cmidrulekern=\dimen166
\defaultaddspace=\dimen167
\@cmidla=\count278
\@cmidlb=\count279
\@aboverulesep=\dimen168
\@belowrulesep=\dimen169
\@thisruleclass=\count280
\@lastruleclass=\count281
\@thisrulewidth=\dimen170
)
("C:\Program Files\MiKTeX\tex/latex/caption\caption.sty"
Package: caption 2020/10/26 v3.5g Customizing captions (AR)

("C:\Program Files\MiKTeX\tex/latex/caption\caption3.sty"
Package: caption3 2020/10/21 v2.2e caption3 kernel (AR)
\captionmargin=\dimen171
\captionmargin@=\dimen172
\captionwidth=\dimen173
\caption@tempdima=\dimen174
\caption@indent=\dimen175
\caption@parindent=\dimen176
\caption@hangindent=\dimen177
Package caption Info: Standard document class detected.
)
\c@caption@flags=\count282
\c@continuedfloat=\count283
Package caption Info: longtable package is loaded.

("C:\Program Files\MiKTeX\tex/latex/caption\ltcaption.sty"
Package: ltcaption 2020/05/30 v1.4b longtable captions (AR)
))
("C:\Program Files\MiKTeX\tex/latex/xcolor\xcolor.sty"
Package: xcolor 2016/05/11 v2.12 LaTeX color extensions (UK)

("C:\Program Files\MiKTeX\tex/latex/graphics-cfg\color.cfg"
File: color.cfg 2016/01/02 v1.6 sample color configuration
)
Package xcolor Info: Driver file: pdftex.def on input line 225.
Package xcolor Info: Model `cmy' substituted by `cmy0' on input line 1348.
Package xcolor Info: Model `hsb' substituted by `rgb' on input line 1352.
Package xcolor Info: Model `RGB' extended on input line 1364.
Package xcolor Info: Model `HTML' substituted by `rgb' on input line 1366.
Package xcolor Info: Model `Hsb' substituted by `hsb' on input line 1367.
Package xcolor Info: Model `tHsb' substituted by `hsb' on input line 1368.
Package xcolor Info: Model `HSB' substituted by `hsb' on input line 1369.
Package xcolor Info: Model `Gray' substituted by `gray' on input line 1370.
Package xcolor Info: Model `wave' substituted by `hsb' on input line 1371.
)
("C:\Program Files\MiKTeX\tex/latex/geometry\geometry.sty"
Package: geometry 2020/01/02 v5.9 Page Geometry

("C:\Program Files\MiKTeX\tex/generic/iftex\ifvtex.sty"
Package: ifvtex 2019/10/25 v1.7 ifvtex legacy package. Use iftex instead.

("C:\Program Files\MiKTeX\tex/generic/iftex\iftex.sty"
Package: iftex 2020/03/06 v1.0d TeX engine tests
))
\Gm@cnth=\count284
\Gm@cntv=\count285
\c@Gm@tempcnt=\count286
\Gm@bindingoffset=\dimen178
\Gm@wd@mp=\dimen179
\Gm@odd@mp=\dimen180
\Gm@even@mp=\dimen181
\Gm@layoutwidth=\dimen182
\Gm@layoutheight=\dimen183
\Gm@layouthoffset=\dimen184
\Gm@layoutvoffset=\dimen185
\Gm@dimlist=\toks19

("C:\Program Files\MiKTeX\tex/latex/geometry\geometry.cfg"))
("C:\Program Files\MiKTeX\tex/latex/koma-script\scrlayer-scrpage.sty"
Package: scrlayer-scrpage 2020/09/21 v3.32 KOMA-Script package (end user interf
ace for scrlayer)

("C:\Program Files\MiKTeX\tex/latex/koma-script\scrlayer.sty"
Package: scrlayer 2020/09/21 v3.32 KOMA-Script package (defining layers and pag
e styles)
\footheight=\skip59
Package scrlayer Info: patching LaTeX kernel macro \pagestyle on input line 211
6.
)
Package scrbase Info: Unknown processing state.
(scrbase)             Processing option `markcase=used'
(scrbase)             of member `.scrlayer-scrpage.sty' of family
(scrbase)             `KOMA' doesn't set
(scrbase)             a valid state. This will be interpreted
(scrbase)             as \FamilyKeyStateProcessed on input line 636.
)
Package scrlayer-scrpage Info: auto-selection of `pagestyleset=standard'.

1: chapter
1: chapter
1: section
) ("C:\Program Files\MiKTeX\tex/latex/lm\lmodern.sty"
Package: lmodern 2009/10/30 v1.6 Latin Modern Fonts
LaTeX Font Info:    Overwriting symbol font `operators' in version `normal'
(Font)                  OT1/cmr/m/n --> OT1/lmr/m/n on input line 22.
LaTeX Font Info:    Overwriting symbol font `letters' in version `normal'
(Font)                  OML/cmm/m/it --> OML/lmm/m/it on input line 23.
LaTeX Font Info:    Overwriting symbol font `symbols' in version `normal'
(Font)                  OMS/cmsy/m/n --> OMS/lmsy/m/n on input line 24.
LaTeX Font Info:    Overwriting symbol font `largesymbols' in version `normal'
(Font)                  OMX/cmex/m/n --> OMX/lmex/m/n on input line 25.
LaTeX Font Info:    Overwriting symbol font `operators' in version `bold'
(Font)                  OT1/cmr/bx/n --> OT1/lmr/bx/n on input line 26.
LaTeX Font Info:    Overwriting symbol font `letters' in version `bold'
(Font)                  OML/cmm/b/it --> OML/lmm/b/it on input line 27.
LaTeX Font Info:    Overwriting symbol font `symbols' in version `bold'
(Font)                  OMS/cmsy/b/n --> OMS/lmsy/b/n on input line 28.
LaTeX Font Info:    Overwriting symbol font `largesymbols' in version `bold'
(Font)                  OMX/cmex/m/n --> OMX/lmex/m/n on input line 29.
LaTeX Font Info:    Overwriting math alphabet `\mathbf' in version `normal'
(Font)                  OT1/cmr/bx/n --> OT1/lmr/bx/n on input line 31.
LaTeX Font Info:    Overwriting math alphabet `\mathsf' in version `normal'
(Font)                  OT1/cmss/m/n --> OT1/lmss/m/n on input line 32.
LaTeX Font Info:    Overwriting math alphabet `\mathit' in version `normal'
(Font)                  OT1/cmr/m/it --> OT1/lmr/m/it on input line 33.
LaTeX Font Info:    Overwriting math alphabet `\mathtt' in version `normal'
(Font)                  OT1/cmtt/m/n --> OT1/lmtt/m/n on input line 34.
LaTeX Font Info:    Overwriting math alphabet `\mathbf' in version `bold'
(Font)                  OT1/cmr/bx/n --> OT1/lmr/bx/n on input line 35.
LaTeX Font Info:    Overwriting math alphabet `\mathsf' in version `bold'
(Font)                  OT1/cmss/bx/n --> OT1/lmss/bx/n on input line 36.
LaTeX Font Info:    Overwriting math alphabet `\mathit' in version `bold'
(Font)                  OT1/cmr/bx/it --> OT1/lmr/bx/it on input line 37.
LaTeX Font Info:    Overwriting math alphabet `\mathtt' in version `bold'
(Font)                  OT1/cmtt/m/n --> OT1/lmtt/m/n on input line 38.
)
("C:\Program Files\MiKTeX\tex/latex/minted\minted.sty"
Package: minted 2017/07/19 v2.5 Yet another Pygments shim for LaTeX

("C:\Program Files\MiKTeX\tex/latex/fvextra\fvextra.sty"
Package: fvextra 2019/02/04 v1.4 fvextra - extensions and patches for fancyvrb

("C:\Program Files\MiKTeX\tex/latex/base\ifthen.sty"
Package: ifthen 2014/09/29 v1.1c Standard LaTeX ifthen package (DPC)
)
("C:\Program Files\MiKTeX\tex/latex/fancyvrb\fancyvrb.sty"
Package: fancyvrb 2020/05/03 v3.6 verbatim text (tvz,hv)
\FV@CodeLineNo=\count287
\FV@InFile=\read3
\FV@TabBox=\box61
\c@FancyVerbLine=\count288
\FV@StepNumber=\count289
\FV@OutFile=\write3
)
("C:\Program Files\MiKTeX\tex/latex/upquote\upquote.sty"
Package: upquote 2012/04/19 v1.3 upright-quote and grave-accent glyphs in verba
tim

("C:\Program Files\MiKTeX\tex/latex/base\textcomp.sty"
Package: textcomp 2020/02/02 v2.0n Standard LaTeX package
))
("C:\Program Files\MiKTeX\tex/latex/lineno\lineno.sty"
Package: lineno 2005/11/02 line numbers on paragraphs v4.41
\linenopenalty=\count290
\output=\toks20
\linenoprevgraf=\count291
\linenumbersep=\dimen186
\linenumberwidth=\dimen187
\c@linenumber=\count292
\c@pagewiselinenumber=\count293
\c@LN@truepage=\count294
\c@internallinenumber=\count295
\c@internallinenumbers=\count296
\quotelinenumbersep=\dimen188
\bframerule=\dimen189
\bframesep=\dimen190
\bframebox=\box62
LaTeX Info: Redefining \\ on input line 3056.
)
\c@FV@TrueTabGroupLevel=\count297
\c@FV@TrueTabCounter=\count298
\FV@TabBox@Group=\box63
\FV@TmpLength=\skip60
\c@FV@HighlightLinesStart=\count299
\c@FV@HighlightLinesStop=\count300
\FV@LoopCount=\count301
\FV@NCharsBox=\box64
\FV@BreakIndent=\dimen191
\FV@BreakIndentNChars=\count302
\FV@BreakSymbolSepLeft=\dimen192
\FV@BreakSymbolSepLeftNChars=\count303
\FV@BreakSymbolSepRight=\dimen193
\FV@BreakSymbolSepRightNChars=\count304
\FV@BreakSymbolIndentLeft=\dimen194
\FV@BreakSymbolIndentLeftNChars=\count305
\FV@BreakSymbolIndentRight=\dimen195
\FV@BreakSymbolIndentRightNChars=\count306
\c@FancyVerbLineBreakLast=\count307
\FV@LineBox=\box65
\FV@LineIndentBox=\box66
\FV@LineWidth=\dimen196
)
("C:\Program Files\MiKTeX\tex/latex/tools\calc.sty"
Package: calc 2017/05/25 v4.3 Infix arithmetic (KKT,FJ)
\calc@Acount=\count308
\calc@Bcount=\count309
\calc@Adimen=\dimen197
\calc@Bdimen=\dimen198
\calc@Askip=\skip61
\calc@Bskip=\skip62
LaTeX Info: Redefining \setlength on input line 80.
LaTeX Info: Redefining \addtolength on input line 81.
\calc@Ccount=\count310
\calc@Cskip=\skip63
)
("C:\Program Files\MiKTeX\tex/latex/tools\shellesc.sty"
Package: shellesc 2019/11/08 v1.0c unified shell escape interface for LaTeX
Package shellesc Info: Unrestricted shell escape enabled on input line 75.
)
("C:\Program Files\MiKTeX\tex/latex/ifplatform\ifplatform.sty"
Package: ifplatform 2017/10/13 v0.4a Testing for the operating system

("C:\Program Files\MiKTeX\tex/generic/pdftexcmds\pdftexcmds.sty"
Package: pdftexcmds 2020-06-27 v0.33 Utility functions of pdfTeX for LuaTeX (HO
)

("C:\Program Files\MiKTeX\tex/generic/infwarerr\infwarerr.sty"
Package: infwarerr 2019/12/03 v1.5 Providing info/warning/error messages (HO)
)
Package pdftexcmds Info: \pdf@primitive is available.
Package pdftexcmds Info: \pdf@ifprimitive is available.
Package pdftexcmds Info: \pdfdraftmode found.
)
("C:\Program Files\MiKTeX\tex/generic/catchfile\catchfile.sty"
Package: catchfile 2019/12/09 v1.8 Catch the contents of a file (HO)

("C:\Program Files\MiKTeX\tex/generic/etexcmds\etexcmds.sty"
Package: etexcmds 2019/12/15 v1.7 Avoid name clashes with e-TeX commands (HO)
))
("C:\Program Files\MiKTeX\tex/generic/iftex\ifluatex.sty"
Package: ifluatex 2019/10/25 v1.5 ifluatex legacy package. Use iftex instead.
))
("C:\Program Files\MiKTeX\tex/latex/xstring\xstring.sty"
("C:\Program Files\MiKTeX\tex/generic/xstring\xstring.tex"
\integerpart=\count311
\decimalpart=\count312
)
Package: xstring 2019/02/06 v1.83 String manipulations (CT)
)
("C:\Program Files\MiKTeX\tex/latex/framed\framed.sty"
Package: framed 2011/10/22 v 0.96: framed or shaded text with page breaks
\OuterFrameSep=\skip64
\fb@frw=\dimen199
\fb@frh=\dimen256
\FrameRule=\dimen257
\FrameSep=\dimen258
)
("C:\Program Files\MiKTeX\tex/latex/float\float.sty"
Package: float 2001/11/08 v1.3d Float enhancements (AL)
\c@float@type=\count313
\float@exts=\toks21
\float@box=\box67
\@float@everytoks=\toks22
\@floatcapt=\box68
)
Package scrhack Info: loading float hack on input line 79.

("C:\Program Files\MiKTeX\tex/latex/koma-script\float.hak"
File: float.hak 2020/09/21 v3.32 KOMA-Script scrhack part (hacking package floa
t)

("C:\Program Files\MiKTeX\tex/latex/koma-script\tocbasic.sty"
Package: tocbasic 2020/09/21 v3.32 KOMA-Script package (handling toc-files)
\scr@dte@tocline@numberwidth=\skip65
\scr@dte@tocline@numbox=\box69
)
Package scrhack Info: redefining \newfloat on input line 163.
Package scrhack Info: redefining \listof on input line 163.
Package scrhack Info: undefining \float@addtolists on input line 163.
)
\minted@appexistsfile=\read4
\minted@bgbox=\box70
\minted@code=\write4
\c@minted@FancyVerbLineTemp=\count314
\c@minted@pygmentizecounter=\count315
Package tocbasic Info: setting babel extension for `lol' on input line 1151.
\@float@every@listing=\toks23
\c@listing=\count316
)
runsystem(if not exist _minted-main mkdir _minted-main)...executed.


("C:\Program Files\MiKTeX\tex/latex/amsmath\amsmath.sty"
Package: amsmath 2020/09/23 v2.17i AMS math features
\@mathmargin=\skip66

For additional information on amsmath, use the `?' option.
("C:\Program Files\MiKTeX\tex/latex/amsmath\amsbsy.sty"
Package: amsbsy 1999/11/29 v1.2d Bold Symbols
\pmbraise@=\dimen259
)
("C:\Program Files\MiKTeX\tex/latex/amsmath\amsopn.sty"
Package: amsopn 2016/03/08 v2.02 operator names
)
\inf@bad=\count317
LaTeX Info: Redefining \frac on input line 234.
\uproot@=\count318
\leftroot@=\count319
LaTeX Info: Redefining \overline on input line 399.
\classnum@=\count320
\DOTSCASE@=\count321
LaTeX Info: Redefining \ldots on input line 496.
LaTeX Info: Redefining \dots on input line 499.
LaTeX Info: Redefining \cdots on input line 620.
\Mathstrutbox@=\box71
\strutbox@=\box72
\big@size=\dimen260
LaTeX Font Info:    Redeclaring font encoding OML on input line 743.
LaTeX Font Info:    Redeclaring font encoding OMS on input line 744.
\macc@depth=\count322
\c@MaxMatrixCols=\count323
\dotsspace@=\muskip16
\c@parentequation=\count324
\dspbrk@lvl=\count325
\tag@help=\toks24
\row@=\count326
\column@=\count327
\maxfields@=\count328
\andhelp@=\toks25
\eqnshift@=\dimen261
\alignsep@=\dimen262
\tagshift@=\dimen263
\tagwidth@=\dimen264
\totwidth@=\dimen265
\lineht@=\dimen266
\@envbody=\toks26
\multlinegap=\skip67
\multlinetaggap=\skip68
\mathdisplay@stack=\toks27
LaTeX Info: Redefining \[ on input line 2923.
LaTeX Info: Redefining \] on input line 2924.
)
("C:\Program Files\MiKTeX\tex/latex/caption\subcaption.sty"
Package: subcaption 2020/10/07 v1.3j Sub-captions (AR)
\c@subfigure=\count329
\c@subtable=\count330
)
("C:\Program Files\MiKTeX\tex/latex/base\inputenc.sty"
Package: inputenc 2020/08/01 v1.3d Input encoding file
\inpenc@prehook=\toks28
\inpenc@posthook=\toks29
)
("C:\Program Files\MiKTeX\tex/latex/base\fontenc.sty"
Package: fontenc 2020/08/10 v2.0s Standard LaTeX package
LaTeX Font Info:    Trying to load font information for T1+lmr on input line 11
2.

("C:\Program Files\MiKTeX\tex/latex/lm\t1lmr.fd"
File: t1lmr.fd 2009/10/30 v1.6 Font defs for Latin Modern
))
("C:\Program Files\MiKTeX\tex/latex/psnfss\mathpazo.sty"
Package: mathpazo 2020/03/25 PSNFSS-v9.3 Palatino w/ Pazo Math (D.Puga, WaS) 
\symupright=\mathgroup4
)
("C:\Program Files\MiKTeX\tex/latex/biblatex\biblatex.sty"
Package: biblatex 2020/08/23 v3.15a programmable bibliographies (PK/MW)

("C:\Program Files\MiKTeX\tex/latex/logreq\logreq.sty"
Package: logreq 2010/08/04 v1.0 xml request logger
\lrq@indent=\count331

("C:\Program Files\MiKTeX\tex/latex/logreq\logreq.def"
File: logreq.def 2010/08/04 v1.0 logreq spec v1.0
))
("C:\Program Files\MiKTeX\tex/latex/url\url.sty"
\Urlmuskip=\muskip17
Package: url 2013/09/16  ver 3.4  Verb mode for urls, etc.
)
\c@tabx@nest=\count332
\c@listtotal=\count333
\c@listcount=\count334
\c@liststart=\count335
\c@liststop=\count336
\c@citecount=\count337
\c@citetotal=\count338
\c@multicitecount=\count339
\c@multicitetotal=\count340
\c@instcount=\count341
\c@maxnames=\count342
\c@minnames=\count343
\c@maxitems=\count344
\c@minitems=\count345
\c@citecounter=\count346
\c@maxcitecounter=\count347
\c@savedcitecounter=\count348
\c@uniquelist=\count349
\c@uniquename=\count350
\c@refsection=\count351
\c@refsegment=\count352
\c@maxextratitle=\count353
\c@maxextratitleyear=\count354
\c@maxextraname=\count355
\c@maxextradate=\count356
\c@maxextraalpha=\count357
\c@abbrvpenalty=\count358
\c@highnamepenalty=\count359
\c@lownamepenalty=\count360
\c@maxparens=\count361
\c@parenlevel=\count362
\blx@tempcnta=\count363
\blx@tempcntb=\count364
\blx@tempcntc=\count365
\blx@maxsection=\count366
\blx@maxsegment@0=\count367
\blx@notetype=\count368
\blx@parenlevel@text=\count369
\blx@parenlevel@foot=\count370
\blx@sectionciteorder@0=\count371
\blx@entrysetcounter=\count372
\blx@biblioinstance=\count373
\labelnumberwidth=\skip69
\labelalphawidth=\skip70
\biblabelsep=\skip71
\bibitemsep=\skip72
\bibnamesep=\skip73
\bibinitsep=\skip74
\bibparsep=\skip75
\bibhang=\skip76
\blx@bcfin=\read5
\blx@bcfout=\write5
\blx@langwohyphens=\language80
\c@mincomprange=\count374
\c@maxcomprange=\count375
\c@mincompwidth=\count376
Package biblatex Info: Trying to load biblatex default data model...
Package biblatex Info: ... file 'blx-dm.def' found.

("C:\Program Files\MiKTeX\tex/latex/biblatex\blx-dm.def"
File: blx-dm.def 2020/08/23 v3.15a biblatex localization (PK/MW)
)
Package biblatex Info: Trying to load biblatex style data model...
Package biblatex Info: ... file 'numeric.dbx' not found.
Package biblatex Info: Trying to load biblatex custom data model...
Package biblatex Info: ... file 'biblatex-dm.cfg' not found.
\c@afterword=\count377
\c@savedafterword=\count378
\c@annotator=\count379
\c@savedannotator=\count380
\c@author=\count381
\c@savedauthor=\count382
\c@bookauthor=\count383
\c@savedbookauthor=\count384
\c@commentator=\count385
\c@savedcommentator=\count386
\c@editor=\count387
\c@savededitor=\count388
\c@editora=\count389
\c@savededitora=\count390
\c@editorb=\count391
\c@savededitorb=\count392
\c@editorc=\count393
\c@savededitorc=\count394
\c@foreword=\count395
\c@savedforeword=\count396
\c@holder=\count397
\c@savedholder=\count398
\c@introduction=\count399
\c@savedintroduction=\count400
\c@namea=\count401
\c@savednamea=\count402
\c@nameb=\count403
\c@savednameb=\count404
\c@namec=\count405
\c@savednamec=\count406
\c@translator=\count407
\c@savedtranslator=\count408
\c@shortauthor=\count409
\c@savedshortauthor=\count410
\c@shorteditor=\count411
\c@savedshorteditor=\count412
\c@labelname=\count413
\c@savedlabelname=\count414
\c@institution=\count415
\c@savedinstitution=\count416
\c@lista=\count417
\c@savedlista=\count418
\c@listb=\count419
\c@savedlistb=\count420
\c@listc=\count421
\c@savedlistc=\count422
\c@listd=\count423
\c@savedlistd=\count424
\c@liste=\count425
\c@savedliste=\count426
\c@listf=\count427
\c@savedlistf=\count428
\c@location=\count429
\c@savedlocation=\count430
\c@organization=\count431
\c@savedorganization=\count432
\c@origlocation=\count433
\c@savedoriglocation=\count434
\c@origpublisher=\count435
\c@savedorigpublisher=\count436
\c@publisher=\count437
\c@savedpublisher=\count438
\c@language=\count439
\c@savedlanguage=\count440
\c@origlanguage=\count441
\c@savedoriglanguage=\count442
\c@pageref=\count443
\c@savedpageref=\count444
\shorthandwidth=\skip77
\shortjournalwidth=\skip78
\shortserieswidth=\skip79
\shorttitlewidth=\skip80
\shortauthorwidth=\skip81
\shorteditorwidth=\skip82
\locallabelnumberwidth=\skip83
\locallabelalphawidth=\skip84
\localshorthandwidth=\skip85
\localshortjournalwidth=\skip86
\localshortserieswidth=\skip87
\localshorttitlewidth=\skip88
\localshortauthorwidth=\skip89
\localshorteditorwidth=\skip90
Package biblatex Info: Trying to load compatibility code...
Package biblatex Info: ... file 'blx-compat.def' found.

("C:\Program Files\MiKTeX\tex/latex/biblatex\blx-compat.def"
File: blx-compat.def 2020/08/23 v3.15a biblatex compatibility (PK/MW)
)
Package biblatex Info: expl3
(biblatex)             2020-12-03 L3 programming layer (loader) 
(biblatex)             is new enough (at least 2020/04/06),
(biblatex)             setting 'casechanger=expl3'.
Package biblatex Info: Trying to load expl3 case changing code...
Package biblatex Info: ... file 'blx-case-expl3.def' found.

("C:\Program Files\MiKTeX\tex/latex/biblatex\blx-case-expl3.def"
File: blx-case-expl3 2020/08/23 v3.15a expl3 case changing code for biblatex
)
Package biblatex Info: Trying to load BibTeX backend compatibility...
Package biblatex Info: ... file 'blx-bibtex.def' found.

("C:\Program Files\MiKTeX\tex/latex/biblatex\blx-bibtex.def"
File: blx-bibtex.def 2020/08/23 v3.15a biblatex compatibility (PK/MW)


Package biblatex Warning: Using fall-back BibTeX(8) backend:
(biblatex)                functionality may be reduced/unavailable.

)
Package biblatex Info: Trying to load generic definitions...
Package biblatex Info: ... file 'biblatex.def' found.
 ("C:\Program Files\MiKTeX\tex/latex/biblatex\biblatex.def"
File: biblatex.def 2020/08/23 v3.15a biblatex compatibility (PK/MW)
\c@textcitecount=\count445
\c@textcitetotal=\count446
\c@textcitemaxnames=\count447
\c@biburlbigbreakpenalty=\count448
\c@biburlbreakpenalty=\count449
\c@biburlnumpenalty=\count450
\c@biburlucpenalty=\count451
\c@biburllcpenalty=\count452
\biburlbigskip=\muskip18
\biburlnumskip=\muskip19
\biburlucskip=\muskip20
\biburllcskip=\muskip21
\c@smartand=\count453
)
Package biblatex Info: Trying to load natbib compatibility...
Package biblatex Info: ... file 'blx-natbib.def' found.

("C:\Program Files\MiKTeX\tex/latex/biblatex\blx-natbib.def"
File: blx-natbib.def 2020/08/23 v3.15a biblatex compatibility (PK/MW)
Package biblatex Info: Delimiter 'nameyeardelim' in context '' already defined,
 overwriting.
)
Package biblatex Info: Trying to load bibliography style 'numeric'...
Package biblatex Info: ... file 'numeric.bbx' found.

("C:\Program Files\MiKTeX\tex/latex/biblatex/bbx\numeric.bbx"
File: numeric.bbx 2020/08/23 v3.15a biblatex bibliography style (PK/MW)
Package biblatex Info: Trying to load bibliography style 'standard'...
Package biblatex Info: ... file 'standard.bbx' found.

("C:\Program Files\MiKTeX\tex/latex/biblatex/bbx\standard.bbx"
File: standard.bbx 2020/08/23 v3.15a biblatex bibliography style (PK/MW)
\c@bbx:relatedcount=\count454
\c@bbx:relatedtotal=\count455
))
Package biblatex Info: Trying to load citation style 'numeric'...
Package biblatex Info: ... file 'numeric.cbx' found.

("C:\Program Files\MiKTeX\tex/latex/biblatex/cbx\numeric.cbx"
File: numeric.cbx 2020/08/23 v3.15a biblatex citation style (PK/MW)
Package biblatex Info: Redefining '\cite'.
Package biblatex Info: Redefining '\parencite'.
Package biblatex Info: Redefining '\footcite'.
Package biblatex Info: Redefining '\footcitetext'.
Package biblatex Info: Redefining '\smartcite'.
Package biblatex Info: Redefining '\supercite'.
Package biblatex Info: Redefining '\textcite'.
Package biblatex Info: Redefining '\textcites'.
Package biblatex Info: Redefining '\cites'.
Package biblatex Info: Redefining '\parencites'.
Package biblatex Info: Redefining '\smartcites'.
)
Package biblatex Info: Trying to load configuration file...
Package biblatex Info: ... file 'biblatex.cfg' found.

("C:\Program Files\MiKTeX\tex/latex/biblatex\biblatex.cfg"
File: biblatex.cfg 
))
("C:\Program Files\MiKTeX\tex/latex/csquotes\csquotes.sty"
Package: csquotes 2019-12-06 v5.2j context-sensitive quotations (JAW)
\csq@reset=\count456
\csq@gtype=\count457
\csq@glevel=\count458
\csq@qlevel=\count459
\csq@maxlvl=\count460
\csq@tshold=\count461
\csq@ltx@everypar=\toks30

("C:\Program Files\MiKTeX\tex/latex/csquotes\csquotes.def"
File: csquotes.def 2019-12-06 v5.2j csquotes generic definitions (JAW)
)
Package csquotes Info: Trying to load configuration file 'csquotes.cfg'...
Package csquotes Info: ... configuration file loaded successfully.

("C:\Program Files\MiKTeX\tex/latex/csquotes\csquotes.cfg"
File: csquotes.cfg 
)
Package csquotes Info: Enabling multilingual quotes.
)
("C:\Program Files\MiKTeX\tex/latex/hyperref\hyperref.sty"
Package: hyperref 2020-05-15 v7.00e Hypertext links for LaTeX

("C:\Program Files\MiKTeX\tex/generic/kvdefinekeys\kvdefinekeys.sty"
Package: kvdefinekeys 2019-12-19 v1.6 Define keys (HO)
)
("C:\Program Files\MiKTeX\tex/generic/pdfescape\pdfescape.sty"
Package: pdfescape 2019/12/09 v1.15 Implements pdfTeX's escape features (HO)
)
("C:\Program Files\MiKTeX\tex/latex/hycolor\hycolor.sty"
Package: hycolor 2020-01-27 v1.10 Color options for hyperref/bookmark (HO)
)
("C:\Program Files\MiKTeX\tex/latex/letltxmacro\letltxmacro.sty"
Package: letltxmacro 2019/12/03 v1.6 Let assignment for LaTeX macros (HO)
)
("C:\Program Files\MiKTeX\tex/latex/auxhook\auxhook.sty"
Package: auxhook 2019-12-17 v1.6 Hooks for auxiliary files (HO)
)
\@linkdim=\dimen267
\Hy@linkcounter=\count462
\Hy@pagecounter=\count463

("C:\Program Files\MiKTeX\tex/latex/hyperref\pd1enc.def"
File: pd1enc.def 2020-05-15 v7.00e Hyperref: PDFDocEncoding definition (HO)
Now handling font encoding PD1 ...
... no UTF-8 mapping file for font encoding PD1
)
("C:\Program Files\MiKTeX\tex/generic/intcalc\intcalc.sty"
Package: intcalc 2019/12/15 v1.3 Expandable calculations with integers (HO)
)
\Hy@SavedSpaceFactor=\count464
Package hyperref Info: Hyper figures OFF on input line 4464.
Package hyperref Info: Link nesting OFF on input line 4469.
Package hyperref Info: Hyper index ON on input line 4472.
Package hyperref Info: Plain pages OFF on input line 4479.
Package hyperref Info: Backreferencing OFF on input line 4484.
Package hyperref Info: Implicit mode ON; LaTeX internals redefined.
Package hyperref Info: Bookmarks ON on input line 4717.
\c@Hy@tempcnt=\count465
LaTeX Info: Redefining \url on input line 5076.
\XeTeXLinkMargin=\dimen268

("C:\Program Files\MiKTeX\tex/generic/bitset\bitset.sty"
Package: bitset 2019/12/09 v1.3 Handle bit-vector datatype (HO)

("C:\Program Files\MiKTeX\tex/generic/bigintcalc\bigintcalc.sty"
Package: bigintcalc 2019/12/15 v1.5 Expandable calculations on big integers (HO
)
))
\Fld@menulength=\count466
\Field@Width=\dimen269
\Fld@charsize=\dimen270
Package hyperref Info: Hyper figures OFF on input line 6347.
Package hyperref Info: Link nesting OFF on input line 6352.
Package hyperref Info: Hyper index ON on input line 6355.
Package hyperref Info: backreferencing OFF on input line 6362.
Package hyperref Info: Link coloring OFF on input line 6367.
Package hyperref Info: Link coloring with OCG OFF on input line 6372.
Package hyperref Info: PDF/A mode OFF on input line 6377.
LaTeX Info: Redefining \ref on input line 6417.
LaTeX Info: Redefining \pageref on input line 6421.

("C:\Program Files\MiKTeX\tex/latex/base\atbegshi-ltx.sty"
Package: atbegshi-ltx 2020/08/17 v1.0a Emulation of the original atbegshi packa
ge
with kernel methods
)
\Hy@abspage=\count467
\c@Item=\count468
\c@Hfootnote=\count469
)
Package scrhack Info: hyperref hack deactivated because of
(scrhack)             detection of hyperref version, that doesn't
(scrhack)             need that hack, on input line 96.
Package hyperref Info: Driver (autodetected): hpdftex.

("C:\Program Files\MiKTeX\tex/latex/hyperref\hpdftex.def"
File: hpdftex.def 2020-05-15 v7.00e Hyperref driver for pdfTeX

("C:\Program Files\MiKTeX\tex/latex/base\atveryend-ltx.sty"
Package: atveryend-ltx 2020/08/19 v1.0a Emulation of the original atvery packag
e
with kernel methods
)
\Fld@listcount=\count470
\c@bookmark@seq@number=\count471

("C:\Program Files\MiKTeX\tex/latex/rerunfilecheck\rerunfilecheck.sty"
Package: rerunfilecheck 2019/12/05 v1.9 Rerun checks for auxiliary files (HO)

("C:\Program Files\MiKTeX\tex/generic/uniquecounter\uniquecounter.sty"
Package: uniquecounter 2019/12/15 v1.4 Provide unlimited unique counter (HO)
)
Package uniquecounter Info: New unique counter `rerunfilecheck' on input line 2
86.
)
\Hy@SectionHShift=\skip91
)
Package hyperref Info: Option `bookmarksopen' set `true' on input line 96.
Package hyperref Info: Option `hypertexnames' set `false' on input line 96.
Package hyperref Info: Option `colorlinks' set `true' on input line 96.
Package hyperref Info: Option `unicode' set `true' on input line 96.

("C:\Program Files\MiKTeX\tex/latex/hyperref\puenc.def"
File: puenc.def 2020-05-15 v7.00e Hyperref: PDF Unicode definition (HO)
Now handling font encoding PU ...
... no UTF-8 mapping file for font encoding PU
)
Package hyperref Info: Option `breaklinks' set `true' on input line 96.
runsystem(for ^%i in (pygmentize.exe pygmentize.bat pygmentize.cmd) do set > ma
in.aex <nul: /p x=^%~$PATH:i>> main.aex)...executed.

runsystem(del main.aex)...executed.

Package csquotes Info: Checking for multilingual support...
Package csquotes Info: ... found 'babel' package.
LaTeX Font Info:    Trying to load font information for T1+ppl on input line 96
.

("C:\Program Files\MiKTeX\tex/latex/psnfss\t1ppl.fd"
File: t1ppl.fd 2001/06/04 font definitions for T1/ppl.
) (main.aux
(Chapters/Chapter1.aux) (Chapters/Chapter2.aux) (Chapters/Chapter3.aux)
(Chapters/Chapter4.aux) (Chapters/Chapter5.aux) (Appendices/AppendixA.aux))
\openout1 = `main.aux'.

LaTeX Font Info:    Checking defaults for OML/cmm/m/it on input line 96.
LaTeX Font Info:    ... okay on input line 96.
LaTeX Font Info:    Checking defaults for OMS/cmsy/m/n on input line 96.
LaTeX Font Info:    ... okay on input line 96.
LaTeX Font Info:    Checking defaults for OT1/cmr/m/n on input line 96.
LaTeX Font Info:    ... okay on input line 96.
LaTeX Font Info:    Checking defaults for T1/cmr/m/n on input line 96.
LaTeX Font Info:    ... okay on input line 96.
LaTeX Font Info:    Checking defaults for TS1/cmr/m/n on input line 96.
LaTeX Font Info:    ... okay on input line 96.
LaTeX Font Info:    Checking defaults for OMX/cmex/m/n on input line 96.
LaTeX Font Info:    ... okay on input line 96.
LaTeX Font Info:    Checking defaults for U/cmr/m/n on input line 96.
LaTeX Font Info:    ... okay on input line 96.
LaTeX Font Info:    Checking defaults for PD1/pdf/m/n on input line 96.
LaTeX Font Info:    ... okay on input line 96.
LaTeX Font Info:    Checking defaults for PU/pdf/m/n on input line 96.
LaTeX Font Info:    ... okay on input line 96.

("C:\Program Files\MiKTeX\tex/latex/siunitx\siunitx-abbreviations.cfg"
File: siunitx-abbreviations.cfg 2017/11/26 v2.7k siunitx: Abbreviated units
)
("C:\Program Files\MiKTeX\tex/latex/translator\translator-basic-dictionary-Engl
ish.dict"
Dictionary: translator-basic-dictionary, Language: English 
) ("C:\Program Files\MiKTeX\tex/context/base/mkii\supp-pdf.mkii"
[Loading MPS to PDF converter (version 2006.09.02).]
\scratchcounter=\count472
\scratchdimen=\dimen271
\scratchbox=\box73
\nofMPsegments=\count473
\nofMParguments=\count474
\everyMPshowfont=\toks31
\MPscratchCnt=\count475
\MPscratchDim=\dimen272
\MPnumerator=\count476
\makeMPintoPDFobject=\count477
\everyMPtoPDFconversion=\toks32
) ("C:\Program Files\MiKTeX\tex/latex/epstopdf-pkg\epstopdf-base.sty"
Package: epstopdf-base 2020-01-24 v2.11 Base part for package epstopdf
Package epstopdf-base Info: Redefining graphics rule for `.eps' on input line 4
85.
)
Package caption Info: Begin \AtBeginDocument code.
Package caption Info: float package is loaded.
Package caption Info: hyperref package is loaded.
Package caption Info: End \AtBeginDocument code.

*geometry* driver: auto-detecting
*geometry* detected driver: pdftex
*geometry* verbose mode - [ preamble ] result:
* driver: pdftex
* paper: a4paper
* layout: <same size as paper>
* layoutoffset:(h,v)=(0.0pt,0.0pt)
* bindingoffset: 14.22636pt
* modes: includehead includefoot 
* h-part:(L,W,R)=(71.13188pt, 404.02908pt, 108.12054pt)
* v-part:(T,H,B)=(42.67912pt, 759.6886pt, 42.67912pt)
* \paperwidth=597.50787pt
* \paperheight=845.04684pt
* \textwidth=404.02908pt
* \textheight=689.14812pt
* \oddsidemargin=13.08826pt
* \evensidemargin=-1.1381pt
* \topmargin=-29.59087pt
* \headheight=20.66669pt
* \headsep=19.8738pt
* \topskip=12.0pt
* \footskip=30.0pt
* \marginparwidth=47.0pt
* \marginparsep=7.0pt
* \columnsep=10.0pt
* \skip\footins=10.8pt plus 4.0pt minus 2.0pt
* \hoffset=0.0pt
* \voffset=0.0pt
* \mag=1000
* \@twocolumnfalse
* \@twosidefalse
* \@mparswitchfalse
* \@reversemarginfalse
* (1in=72.27pt=25.4mm, 1cm=28.453pt)

Package scrlayer Info: Setting magic \footheight to \baselineskip while
(scrlayer)             \begin{document} on input line 96.

Package scrlayer-scrpage Warning: Very small head height detected!
(scrlayer-scrpage)                Using scrlayer-scrpage the head height
(scrlayer-scrpage)                should be at least \baselineskip, which is
(scrlayer-scrpage)                23.99748pt currently.
(scrlayer-scrpage)                But head height is currently 20.66669pt only.

(scrlayer-scrpage)                You may use
(scrlayer-scrpage)                geometry option `head=23.99748pt'
(scrlayer-scrpage)                or load package `scrlayer-scrpage' with
(scrlayer-scrpage)                option `singlespacing=true'
(scrlayer-scrpage)                to avoid this warning.

Package scrbase Info: activating english \abbrevname on input line 96.
Package scrbase Info: activating english \byname on input line 96.
Package scrbase Info: activating english \acknowledgementname on input line 96.

Package scrbase Info: activating english \authorshipname on input line 96.
Package scrbase Info: activating english \constantsname on input line 96.
Package scrbase Info: activating english \symbolsname on input line 96.
Package biblatex Info: Trying to load language 'english'...
Package biblatex Info: ... file 'english.lbx' found.
("C:\Program Files\MiKTeX\tex/latex/biblatex/lbx\english.lbx"
File: english.lbx 2020/08/23 v3.15a biblatex localization (PK/MW)
)
Package biblatex Info: Input encoding 'utf8' detected.
Package biblatex Info: Automatic encoding selection.
(biblatex)             Assuming data encoding 'utf8'.
Package biblatex Info: Input encoding 'utf8' specified.
Package biblatex Info: Data encoding 'utf8' specified.
(biblatex)             No need to reencode data.
\openout5 = `main-blx.bib'.

Package biblatex Info: Trying to load bibliographic data...
Package biblatex Info: ... file 'main.bbl' found.
 (main.bbl

Package biblatex Warning: BibTeX reported the following issues
(biblatex)                with 'landau_2019':
(biblatex)                - Invalid format of field 'month'.

)
Package biblatex Info: Reference section=0 on input line 96.
Package biblatex Info: Reference segment=0 on input line 96.
Package hyperref Info: Link coloring ON on input line 96.
 ("C:\Program Files\MiKTeX\tex/latex/hyperref\nameref.sty"
Package: nameref 2019/09/16 v2.46 Cross-referencing by name of section

("C:\Program Files\MiKTeX\tex/latex/refcount\refcount.sty"
Package: refcount 2019/12/15 v3.6 Data extraction from label references (HO)
)
("C:\Program Files\MiKTeX\tex/generic/gettitlestring\gettitlestring.sty"
Package: gettitlestring 2019/12/15 v1.6 Cleanup title references (HO)
)
\c@section@level=\count478
)
LaTeX Info: Redefining \ref on input line 96.
LaTeX Info: Redefining \pageref on input line 96.
LaTeX Info: Redefining \nameref on input line 96.

(main.out) (main.out)
\@outlinefile=\write6
\openout6 = `main.out'.

LaTeX Font Info:    Trying to load font information for OT1+ppl on input line 9
6.
 ("C:\Program Files\MiKTeX\tex/latex/psnfss\ot1ppl.fd"
File: ot1ppl.fd 2001/06/04 font definitions for OT1/ppl.
)
LaTeX Font Info:    Trying to load font information for OML+zplm on input line 
96.

("C:\Program Files\MiKTeX\tex/latex/psnfss\omlzplm.fd"
File: omlzplm.fd 2002/09/08 Fontinst v1.914 font definitions for OML/zplm.
)
LaTeX Font Info:    Trying to load font information for OMS+zplm on input line 
96.

("C:\Program Files\MiKTeX\tex/latex/psnfss\omszplm.fd"
File: omszplm.fd 2002/09/08 Fontinst v1.914 font definitions for OMS/zplm.
)
LaTeX Font Info:    Trying to load font information for OMX+zplm on input line 
96.

("C:\Program Files\MiKTeX\tex/latex/psnfss\omxzplm.fd"
File: omxzplm.fd 2002/09/08 Fontinst v1.914 font definitions for OMX/zplm.
)
LaTeX Font Info:    Trying to load font information for OT1+zplm on input line 
96.

("C:\Program Files\MiKTeX\tex/latex/psnfss\ot1zplm.fd"
File: ot1zplm.fd 2002/09/08 Fontinst v1.914 font definitions for OT1/zplm.
)
LaTeX Font Info:    Trying to load font information for OT1+lmss on input line 
96.

("C:\Program Files\MiKTeX\tex/latex/lm\ot1lmss.fd"
File: ot1lmss.fd 2009/10/30 v1.6 Font defs for Latin Modern
)
LaTeX Font Info:    Trying to load font information for OT1+lmtt on input line 
96.

("C:\Program Files\MiKTeX\tex/latex/lm\ot1lmtt.fd"
File: ot1lmtt.fd 2009/10/30 v1.6 Font defs for Latin Modern
)
1: section
[1



{C:/Users/xhoni/AppData/Local/MiKTeX/pdftex/config/pdftex.map}]
--------------------
 Declaration of Authorship
--------------------
LaTeX Font Info:    Trying to load font information for TS1+ppl on input line 1
54.
("C:\Program Files\MiKTeX\tex/latex/psnfss\ts1ppl.fd"
File: ts1ppl.fd 2001/06/04 font definitions for TS1/ppl.
)
Underfull \hbox (badness 10000) in paragraph at lines 159--160

 []

1: section

Package scrlayer-scrpage Warning: \headheight to low.
(scrlayer-scrpage)                At least 23.99747pt needed,
(scrlayer-scrpage)                but only 20.66669pt found.
(scrlayer-scrpage)                I'll enlarge \headheight, for further
(scrlayer-scrpage)                processing, but you should do this yourself,
(scrlayer-scrpage)                e.g., setting geometry's option
(scrlayer-scrpage)                `head=23.99747pt'.
(scrlayer-scrpage)                I'll also decrease \topmargin on input line 1
74.


Overfull \vbox (3.33078pt too high) has occurred while \output is active []


[1

]
--------------------
 Abstract
--------------------
1: section
[2

] [3]
--------------------
 Acknowledgements
--------------------
1: section
[4

] (main.toc
1: section
[5

])
\tf@toc=\write7
\openout7 = `main.toc'.

 [6] (main.lof)
\tf@lof=\write8
\openout8 = `main.lof'.


1: section
[7

] (main.lot)
\tf@lot=\write9
\openout9 = `main.lot'.


1: section
[8

]
1: section
[9

]
1: section
[10

]
1: section
[11

]
1: section
\openout2 = `Chapters/Chapter1.aux'.

(Chapters/Chapter1.tex
Chapter 1.
1: section
[1



] [2]
<Figures/faradayexp.png, id=352, 290.08376pt x 219.82124pt>
File: Figures/faradayexp.png Graphic file (type png)
<use Figures/faradayexp.png>
Package pdftex.def Info: Figures/faradayexp.png  used on input line 58.
(pdftex.def)             Requested size: 290.08304pt x 219.8207pt.
 [3]
<Figures/magneticdivergence.png, id=367, 464.73625pt x 248.93pt>
File: Figures/magneticdivergence.png Graphic file (type png)
<use Figures/magneticdivergence.png>
Package pdftex.def Info: Figures/magneticdivergence.png  used on input line 70.

(pdftex.def)             Requested size: 418.25876pt x 224.03491pt.

Overfull \hbox (14.22968pt too wide) in paragraph at lines 70--72
 [][] 
 []

[4 <./Figures/faradayexp.png>] [5 <./Figures/magneticdivergence.png>] [6]
[7]
Overfull \hbox (25.50575pt too wide) in paragraph at lines 132--133
\T1/ppl/m/n/12 Before be-gin-ning with the dis-cretiza-tion, we men-tioned pre-
vi-ously that Maxwell's
 []

[8] [9] [10] [11]
Overfull \hbox (0.31822pt too wide) in paragraph at lines 218--219
\T1/ppl/m/n/12 ever, these in-struc-tions are not what the com-put-ers use to d
ic-tate what should
 []

\openout3 = `main.pyg'.

(_minted-main/default-pyg-prefix.pygstyle) (_minted-main/default.pygstyle)
(_minted-main/F6B2C973E19070699B0F0AFED9906E2802018AB381AD265562A95348870C690B.
pygtex
LaTeX Font Info:    Trying to load font information for T1+lmtt on input line 1
.
 ("C:\Program Files\MiKTeX\tex/latex/lm\t1lmtt.fd"
File: t1lmtt.fd 2009/10/30 v1.6 Font defs for Latin Modern
)
LaTeX Font Info:    Font shape `T1/lmtt/bx/n' in size <12> not available
(Font)              Font shape `T1/lmtt/b/n' tried instead on input line 2.
 [12])
<Figures/finiteprecision.png, id=442, 425.33907pt x 67.75313pt>
File: Figures/finiteprecision.png Graphic file (type png)
<use Figures/finiteprecision.png>
Package pdftex.def Info: Figures/finiteprecision.png  used on input line 237.
(pdftex.def)             Requested size: 425.33801pt x 67.75294pt.

Overfull \hbox (21.30893pt too wide) in paragraph at lines 237--239
 [][] 
 []

) [13 <./Figures/finiteprecision.png>]
\openout2 = `Chapters/Chapter2.aux'.

 (Chapters/Chapter2.tex
Chapter 2.
<Figures/fdtd1dDiscretized.png, id=454, 459.21562pt x 388.45125pt>
File: Figures/fdtd1dDiscretized.png Graphic file (type png)
<use Figures/fdtd1dDiscretized.png>
Package pdftex.def Info: Figures/fdtd1dDiscretized.png  used on input line 26.
(pdftex.def)             Requested size: 321.44873pt x 271.914pt.

Underfull \hbox (badness 3229) in paragraph at lines 28--28
 []\T1/ppl/m/sc/10.95 Figure 2.1: |\T1/ppl/m/n/10.95 The spa-tial and tem-po-ra
l shift of a one- 
 []

1: section
[14




]
<Figures/fdtd1dHcurl.png, id=460, 469.755pt x 397.485pt>
File: Figures/fdtd1dHcurl.png Graphic file (type png)
<use Figures/fdtd1dHcurl.png>
Package pdftex.def Info: Figures/fdtd1dHcurl.png  used on input line 44.
(pdftex.def)             Requested size: 328.82626pt x 278.2376pt.
 [15 <./Figures/fdtd1dDiscretized.png>] [16 <./Figures/fdtd1dHcurl.png>]
<Figures/fdtd1dEcurl.png, id=480, 526.21594pt x 400.49625pt>
File: Figures/fdtd1dEcurl.png Graphic file (type png)
<use Figures/fdtd1dEcurl.png>
Package pdftex.def Info: Figures/fdtd1dEcurl.png  used on input line 87.
(pdftex.def)             Requested size: 368.34865pt x 280.34546pt.

[17 <./Figures/fdtd1dEcurl.png>]
<Figures/fdtd1dLeapfrog.png, id=492, 526.21594pt x 151.3153pt>
File: Figures/fdtd1dLeapfrog.png Graphic file (type png)
<use Figures/fdtd1dLeapfrog.png>
Package pdftex.def Info: Figures/fdtd1dLeapfrog.png  used on input line 118.
(pdftex.def)             Requested size: 394.661pt x 113.48619pt.
 [18 <./Figures/fdtd1dLeapfrog.png>]
Overfull \hbox (13.56638pt too wide) in paragraph at lines 184--185
\T1/ppl/m/n/12 ment-ing FDTD. How-ever, trans-lat-ing equa-tions into code is n
ot al-ways straight-
 []

[19]
\openout3 = `main.pyg'.


(_minted-main/6710411A9B02F771A780238CCA5E4D3A02018AB381AD265562A95348870C690B.
pygtex
LaTeX Font Info:    Font shape `T1/lmtt/bx/n' in size <10> not available
(Font)              Font shape `T1/lmtt/b/n' tried instead on input line 12.
)
Overfull \hbox (38.48647pt too wide) in paragraph at lines 203--204
\T1/ppl/m/n/12 lated com-mands and con-stants. Re-quires hav-ing  [][]\T1/lmtt/
m/n/12 #define _USE_MATH_DEFINES
 []

[20]
<Figures/1DtimeGraph1.png, id=526, 613.54219pt x 286.06876pt>
File: Figures/1DtimeGraph1.png Graphic file (type png)
<use Figures/1DtimeGraph1.png>
Package pdftex.def Info: Figures/1DtimeGraph1.png  used on input line 214.
(pdftex.def)             Requested size: 398.7977pt x 185.94247pt.
<Figures/1DtimeGraph2.png, id=527, 574.39594pt x 293.59688pt>
File: Figures/1DtimeGraph2.png Graphic file (type png)
<use Figures/1DtimeGraph2.png>
Package pdftex.def Info: Figures/1DtimeGraph2.png  used on input line 215.
(pdftex.def)             Requested size: 402.0744pt x 205.5164pt.
<Figures/1DmagneticTimeSnippet.png, id=528, 405.76593pt x 129.48375pt>
File: Figures/1DmagneticTimeSnippet.png Graphic file (type png)
<use Figures/1DmagneticTimeSnippet.png>
Package pdftex.def Info: Figures/1DmagneticTimeSnippet.png  used on input line 
223.
(pdftex.def)             Requested size: 405.76494pt x 129.48341pt.

Overfull \hbox (1.73586pt too wide) in paragraph at lines 223--225
 [][] 
 []

) [21] [22 <./Figures/1DtimeGraph1.png> <./Figures/1DtimeGraph2.png> <./Figures
/1DmagneticTimeSnippet.png>]
\openout2 = `Chapters/Chapter3.aux'.

 (Chapters/Chapter3.tex
Chapter 3.
<Figures/FDTD2DE1.jpg, id=542, 1927.2pt x 1084.05pt>
File: Figures/FDTD2DE1.jpg Graphic file (type jpg)
<use Figures/FDTD2DE1.jpg>
Package pdftex.def Info: Figures/FDTD2DE1.jpg  used on input line 34.
(pdftex.def)             Requested size: 188.07703pt x 105.78128pt.
<Figures/FDTD2DE2.jpg, id=543, 1927.2pt x 1084.05pt>
File: Figures/FDTD2DE2.jpg Graphic file (type jpg)
<use Figures/FDTD2DE2.jpg>
Package pdftex.def Info: Figures/FDTD2DE2.jpg  used on input line 39.
(pdftex.def)             Requested size: 188.07703pt x 105.78128pt.
<Figures/FDTD2DE3.jpg, id=544, 1927.2pt x 1084.05pt>
File: Figures/FDTD2DE3.jpg Graphic file (type jpg)
<use Figures/FDTD2DE3.jpg>
Package pdftex.def Info: Figures/FDTD2DE3.jpg  used on input line 44.
(pdftex.def)             Requested size: 188.07703pt x 105.78128pt.
<Figures/FDTD2DE4.jpg, id=545, 1927.2pt x 1084.05pt>
File: Figures/FDTD2DE4.jpg Graphic file (type jpg)
<use Figures/FDTD2DE4.jpg>
Package pdftex.def Info: Figures/FDTD2DE4.jpg  used on input line 49.
(pdftex.def)             Requested size: 188.07703pt x 105.78128pt.
<Figures/FDTD2DH1.jpg, id=546, 1927.2pt x 1084.05pt>
File: Figures/FDTD2DH1.jpg Graphic file (type jpg)
<use Figures/FDTD2DH1.jpg>
Package pdftex.def Info: Figures/FDTD2DH1.jpg  used on input line 61.
(pdftex.def)             Requested size: 188.07703pt x 105.78128pt.
<Figures/FDTD2DH2.jpg, id=547, 1927.2pt x 1084.05pt>
File: Figures/FDTD2DH2.jpg Graphic file (type jpg)
<use Figures/FDTD2DH2.jpg>
Package pdftex.def Info: Figures/FDTD2DH2.jpg  used on input line 66.
(pdftex.def)             Requested size: 188.07703pt x 105.78128pt.
<Figures/FDTD2DH3.jpg, id=548, 1927.2pt x 1084.05pt>
File: Figures/FDTD2DH3.jpg Graphic file (type jpg)
<use Figures/FDTD2DH3.jpg>
Package pdftex.def Info: Figures/FDTD2DH3.jpg  used on input line 71.
(pdftex.def)             Requested size: 188.07703pt x 105.78128pt.
<Figures/FDTD2DH4.jpg, id=549, 1927.2pt x 1084.05pt>
File: Figures/FDTD2DH4.jpg Graphic file (type jpg)
<use Figures/FDTD2DH4.jpg>
Package pdftex.def Info: Figures/FDTD2DH4.jpg  used on input line 76.
(pdftex.def)             Requested size: 188.07703pt x 105.78128pt.
)
1: section
[23




] [24 <./Figures/FDTD2DE1.jpg> <./Figures/FDTD2DE2.jpg> <./Figures/FDTD2DE3.jpg
> <./Figures/FDTD2DE4.jpg> <./Figures/FDTD2DH1.jpg> <./Figures/FDTD2DH2.jpg> <.
/Figures/FDTD2DH3.jpg> <./Figures/FDTD2DH4.jpg>]
\openout2 = `Chapters/Chapter4.aux'.

 (Chapters/Chapter4.tex
Chapter 4.
<Figures/FDTD3DE1.jpg, id=558, 1465.475pt x 630.355pt>
File: Figures/FDTD3DE1.jpg Graphic file (type jpg)
<use Figures/FDTD3DE1.jpg>
Package pdftex.def Info: Figures/FDTD3DE1.jpg  used on input line 38.
(pdftex.def)             Requested size: 188.07703pt x 80.89099pt.
<Figures/FDTD3DE2.jpg, id=559, 1465.475pt x 630.355pt>
File: Figures/FDTD3DE2.jpg Graphic file (type jpg)
<use Figures/FDTD3DE2.jpg>
Package pdftex.def Info: Figures/FDTD3DE2.jpg  used on input line 43.
(pdftex.def)             Requested size: 188.07703pt x 80.89099pt.
<Figures/FDTD3DE3.jpg, id=560, 1465.475pt x 630.355pt>
File: Figures/FDTD3DE3.jpg Graphic file (type jpg)
<use Figures/FDTD3DE3.jpg>
Package pdftex.def Info: Figures/FDTD3DE3.jpg  used on input line 48.
(pdftex.def)             Requested size: 188.07703pt x 80.89099pt.
<Figures/FDTD3DE4.jpg, id=561, 1465.475pt x 630.355pt>
File: Figures/FDTD3DE4.jpg Graphic file (type jpg)
<use Figures/FDTD3DE4.jpg>
Package pdftex.def Info: Figures/FDTD3DE4.jpg  used on input line 53.
(pdftex.def)             Requested size: 188.07703pt x 80.89099pt.
<Figures/FDTD3DH1.jpg, id=562, 1465.475pt x 630.355pt>
File: Figures/FDTD3DH1.jpg Graphic file (type jpg)
<use Figures/FDTD3DH1.jpg>
Package pdftex.def Info: Figures/FDTD3DH1.jpg  used on input line 65.
(pdftex.def)             Requested size: 188.07703pt x 80.89099pt.
<Figures/FDTD3DH2.jpg, id=563, 1465.475pt x 630.355pt>
File: Figures/FDTD3DH2.jpg Graphic file (type jpg)
<use Figures/FDTD3DH2.jpg>
Package pdftex.def Info: Figures/FDTD3DH2.jpg  used on input line 70.
(pdftex.def)             Requested size: 188.07703pt x 80.89099pt.
<Figures/FDTD3DH3.jpg, id=564, 1465.475pt x 630.355pt>
File: Figures/FDTD3DH3.jpg Graphic file (type jpg)
<use Figures/FDTD3DH3.jpg>
Package pdftex.def Info: Figures/FDTD3DH3.jpg  used on input line 75.
(pdftex.def)             Requested size: 188.07703pt x 80.89099pt.
<Figures/FDTD3DH4.jpg, id=565, 1465.475pt x 630.355pt>
File: Figures/FDTD3DH4.jpg Graphic file (type jpg)
<use Figures/FDTD3DH4.jpg>
Package pdftex.def Info: Figures/FDTD3DH4.jpg  used on input line 80.
(pdftex.def)             Requested size: 188.07703pt x 80.89099pt.

LaTeX Warning: `!h' float specifier changed to `!ht'.

)
1: section
[25




 <./Figures/FDTD3DE1.jpg> <./Figures/FDTD3DE2.jpg> <./Figures/FDTD3DE3.jpg> <./
Figures/FDTD3DE4.jpg>] [26 <./Figures/FDTD3DH1.jpg> <./Figures/FDTD3DH2.jpg> <.
/Figures/FDTD3DH3.jpg> <./Figures/FDTD3DH4.jpg>]
\openout2 = `Chapters/Chapter5.aux'.

 (Chapters/Chapter5.tex
Chapter 5.
)
1: section
[27




]
\openout2 = `Appendices/AppendixA.aux'.

 (Appendices/AppendixA.tex
Appendix A.
\openout3 = `main.pyg'.


(_minted-main/186B2DFCD96474231D89D175BAF8C51C02018AB381AD265562A95348870C690B.
pygtex
1: section
[28




] [29])
\openout3 = `main.pyg'.


(_minted-main/7FDE1695D94D79C3A9E8F5E768C31B9902018AB381AD265562A95348870C690B.
pygtex [30]
Overfull \hbox (190.7692pt too wide) in paragraph at lines 17--17
[]\T1/lmtt/m/n/10 8.854e-12[];[][][][][][][][][][][][][]\T1/lmtt/m/it/10 // 
 []

[31] [32] [33])
\openout3 = `main.pyg'.


(_minted-main/B38A8B8D5C8D1DD0CADDC739C8C46EF902018AB381AD265562A95348870C690B.
pygtex [34] [35] [36] [37])) [38] [39]
Overfull \hbox (2.5965pt too wide) in paragraph at lines 293--293
[]\T1/ppl/m/n/12 Elizabeth Lan-dau.   Black Hole Im-age Makes His-tory; NASA T
ele-scopes
 []


Overfull \hbox (21.38377pt too wide) in paragraph at lines 293--293
[]\T1/ppl/m/n/12 Xhoni Robo. \T1/ppl/m/it/12 XhRobo / Finite-Difference-Time-Do
main-Method-Implementation-
 []

1: section
[40



]
Overfull \hbox (3.3251pt too wide) in paragraph at lines 293--293
[]\T1/ppl/m/n/12 T Wei-land.   A dis-cretiza-tion method for the so-lu-tion of
 Maxwell's equa-
 []

[41] (main.aux (Chapters/Chapter1.aux) (Chapters/Chapter2.aux)
(Chapters/Chapter3.aux) (Chapters/Chapter4.aux) (Chapters/Chapter5.aux)
(Appendices/AppendixA.aux))
Package rerunfilecheck Info: File `main.out' has not changed.
(rerunfilecheck)             Checksum: A33A5B6905B4021ADA142C4A51F2A6E5;7000.
runsystem(del main.pyg)...executed.

Package logreq Info: Writing requests to 'main.run.xml'.
\openout1 = `main.run.xml'.

 ) 
Here is how much of TeX's memory you used:
 30852 strings out of 479697
 632054 string characters out of 2877009
 1218861 words of memory out of 3000000
 47201 multiletter control sequences out of 15000+200000
 495843 words of font info for 166 fonts, out of 3000000 for 9000
 1141 hyphenation exceptions out of 8191
 94i,20n,98p,1820b,2488s stack positions out of 5000i,500n,10000p,200000b,50000s
{C:/Program Files/MiKTeX/fonts/enc/dvips/lm/lm-ec.enc}{C:/Program Files/MiKTe
X/fonts/enc/dvips/base/8r.enc}<C:/Program Files/MiKTeX/fonts/type1/public/amsfo
nts/cm/cmex10.pfb><C:/Program Files/MiKTeX/fonts/type1/public/amsfonts/cm/cmmi1
0.pfb><C:/Program Files/MiKTeX/fonts/type1/public/amsfonts/cm/cmr10.pfb><C:/Pro
gram Files/MiKTeX/fonts/type1/public/amsfonts/cm/cmsy10.pfb><C:/Program Files/M
iKTeX/fonts/type1/public/mathpazo/fplmr.pfb><C:/Program Files/MiKTeX/fonts/type
1/public/mathpazo/fplmri.pfb><C:/Program Files/MiKTeX/fonts/type1/public/lm/lmt
k10.pfb><C:/Program Files/MiKTeX/fonts/type1/public/lm/lmtt10.pfb><C:/Program F
iles/MiKTeX/fonts/type1/public/lm/lmtt12.pfb><C:/Program Files/MiKTeX/fonts/typ
e1/public/lm/lmtti10.pfb><C:/Program Files/MiKTeX/fonts/type1/urw/palatino/uplb
8a.pfb><C:/Program Files/MiKTeX/fonts/type1/urw/palatino/uplr8a.pfb><C:/Program
 Files/MiKTeX/fonts/type1/urw/palatino/uplr8a.pfb><C:/Program Files/MiKTeX/font
s/type1/urw/palatino/uplri8a.pfb>
Output written on main.pdf (53 pages, 15860662 bytes).
PDF statistics:
 731 PDF objects out of 1000 (max. 8388607)
 172 named destinations out of 1000 (max. 500000)
 491 words of extra memory for PDF output out of 10000 (max. 10000000)

