\BOOKMARK [0][-]{section*.1}{\376\377\000D\000e\000c\000l\000a\000r\000a\000t\000i\000o\000n\000\040\000o\000f\000\040\000A\000u\000t\000h\000o\000r\000s\000h\000i\000p}{}% 1
\BOOKMARK [0][-]{section*.2}{\376\377\000A\000b\000s\000t\000r\000a\000c\000t}{}% 2
\BOOKMARK [0][-]{section*.3}{\376\377\000A\000c\000k\000n\000o\000w\000l\000e\000d\000g\000e\000m\000e\000n\000t\000s}{}% 3
\BOOKMARK [0][-]{chapter.13}{\376\377\000I\000n\000t\000r\000o\000d\000u\000c\000t\000i\000o\000n}{}% 4
\BOOKMARK [1][-]{section.14}{\376\377\000M\000a\000i\000n\000\040\000S\000e\000c\000t\000i\000o\000n\000\040\0001}{chapter.13}% 5
\BOOKMARK [2][-]{subsection.15}{\376\377\000S\000u\000b\000s\000e\000c\000t\000i\000o\000n\000\040\0001}{section.14}% 6
\BOOKMARK [2][-]{subsection.16}{\376\377\000S\000u\000b\000s\000e\000c\000t\000i\000o\000n\000\040\0002}{section.14}% 7
\BOOKMARK [1][-]{section.17}{\376\377\000M\000a\000i\000n\000\040\000S\000e\000c\000t\000i\000o\000n\000\040\0002}{chapter.13}% 8
\BOOKMARK [0][-]{chapter.18}{\376\377\000F\000D\000T\000D\000\040\000-\000\040\0001\000\040\000D\000i\000m\000e\000n\000s\000i\000o\000n\000a\000l\000\040\000S\000c\000e\000n\000a\000r\000i\000o}{}% 9
\BOOKMARK [1][-]{section.19}{\376\377\000M\000a\000i\000n\000\040\000S\000e\000c\000t\000i\000o\000n\000\040\0001}{chapter.18}% 10
\BOOKMARK [2][-]{subsection.20}{\376\377\000S\000u\000b\000s\000e\000c\000t\000i\000o\000n\000\040\0001}{section.19}% 11
\BOOKMARK [2][-]{subsection.21}{\376\377\000S\000u\000b\000s\000e\000c\000t\000i\000o\000n\000\040\0002}{section.19}% 12
\BOOKMARK [1][-]{section.22}{\376\377\000M\000a\000i\000n\000\040\000S\000e\000c\000t\000i\000o\000n\000\040\0002}{chapter.18}% 13
\BOOKMARK [0][-]{chapter.23}{\376\377\000F\000D\000T\000D\000\040\000-\000\040\0002\000\040\000D\000i\000m\000e\000n\000s\000i\000o\000n\000a\000l\000\040\000S\000c\000e\000n\000a\000r\000i\000o}{}% 14
\BOOKMARK [1][-]{section.24}{\376\377\000M\000a\000i\000n\000\040\000S\000e\000c\000t\000i\000o\000n\000\040\0001}{chapter.23}% 15
\BOOKMARK [2][-]{subsection.25}{\376\377\000S\000u\000b\000s\000e\000c\000t\000i\000o\000n\000\040\0001}{section.24}% 16
\BOOKMARK [2][-]{subsection.26}{\376\377\000S\000u\000b\000s\000e\000c\000t\000i\000o\000n\000\040\0002}{section.24}% 17
\BOOKMARK [1][-]{section.27}{\376\377\000M\000a\000i\000n\000\040\000S\000e\000c\000t\000i\000o\000n\000\040\0002}{chapter.23}% 18
\BOOKMARK [0][-]{chapter.28}{\376\377\000F\000D\000T\000D\000\040\000-\000\040\0003\000\040\000D\000i\000m\000e\000n\000s\000i\000o\000n\000a\000l\000\040\000S\000c\000e\000n\000a\000r\000i\000o}{}% 19
\BOOKMARK [1][-]{section.29}{\376\377\000M\000a\000i\000n\000\040\000S\000e\000c\000t\000i\000o\000n\000\040\0001}{chapter.28}% 20
\BOOKMARK [2][-]{subsection.30}{\376\377\000S\000u\000b\000s\000e\000c\000t\000i\000o\000n\000\040\0001}{section.29}% 21
\BOOKMARK [2][-]{subsection.31}{\376\377\000S\000u\000b\000s\000e\000c\000t\000i\000o\000n\000\040\0002}{section.29}% 22
\BOOKMARK [1][-]{section.32}{\376\377\000M\000a\000i\000n\000\040\000S\000e\000c\000t\000i\000o\000n\000\040\0002}{chapter.28}% 23
\BOOKMARK [0][-]{chapter.33}{\376\377\000C\000o\000n\000c\000l\000u\000s\000i\000o\000n}{}% 24
\BOOKMARK [1][-]{section.34}{\376\377\000M\000a\000i\000n\000\040\000S\000e\000c\000t\000i\000o\000n\000\040\0001}{chapter.33}% 25
\BOOKMARK [2][-]{subsection.35}{\376\377\000S\000u\000b\000s\000e\000c\000t\000i\000o\000n\000\040\0001}{section.34}% 26
\BOOKMARK [2][-]{subsection.36}{\376\377\000S\000u\000b\000s\000e\000c\000t\000i\000o\000n\000\040\0002}{section.34}% 27
\BOOKMARK [1][-]{section.37}{\376\377\000M\000a\000i\000n\000\040\000S\000e\000c\000t\000i\000o\000n\000\040\0002}{chapter.33}% 28
\BOOKMARK [0][-]{appendix.38}{\376\377\000F\000r\000e\000q\000u\000e\000n\000t\000l\000y\000\040\000A\000s\000k\000e\000d\000\040\000Q\000u\000e\000s\000t\000i\000o\000n\000s}{}% 29
\BOOKMARK [1][-]{section.39}{\376\377\000H\000o\000w\000\040\000d\000o\000\040\000I\000\040\000c\000h\000a\000n\000g\000e\000\040\000t\000h\000e\000\040\000c\000o\000l\000o\000r\000s\000\040\000o\000f\000\040\000l\000i\000n\000k\000s\000?}{appendix.38}% 30
\BOOKMARK [0][-]{appendix*.40}{\376\377\000B\000i\000b\000l\000i\000o\000g\000r\000a\000p\000h\000y}{}% 31
